This is pdfTeX, Version 3.141592653-2.6-1.40.24 (TeX Live 2022/Arch Linux) (preloaded format=latex 2022.4.30)  1 JUN 2022 22:57
entering extended mode
 restricted \write18 enabled.
 %&-line parsing enabled.
**"wordcount.tex\csname ?\endcsname"
(/usr/share/texmf-dist/tex/latex/wordcount/wordcount.tex
LaTeX2e <2021-11-15> patch level 1
L3 programming layer <2022-04-10>
File: wordcount.tex 2016/06/03 v1.7 Michael Downes

(/usr/share/texmf-dist/tex/latex/base/fontenc.sty
Package: fontenc 2021/04/29 v2.0v Standard LaTeX package
)
\thickmuskip=\muskip16
\@charfontname=\skip47
\hfuzz=\dimen138

No auxiliary output files.

File name [press RETURN to cancel]: -h
-h
Processing -h...



! LaTeX Error: File `-h.tex' not found.

Type X to quit or <RETURN> to proceed,
or enter new name. (Default extension: tex)

Enter file name: 
! Emergency stop.
<read *> 
         
l.198 \@tempa
             ^^M
*** (cannot \read from terminal in nonstop modes)

 
Here is how much of TeX's memory you used:
 260 strings out of 478239
 2620 string characters out of 5850482
 290769 words of memory out of 5000000
 18592 multiletter control sequences out of 15000+600000
 471672 words of font info for 30 fonts, out of 8000000 for 9000
 1141 hyphenation exceptions out of 8191
 30i,0n,34p,145b,40s stack positions out of 5000i,500n,10000p,200000b,80000s
No pages of output.
